::1 - - [Tue, 12 Mar 2019 06:48:41 GMT] "GET /stylesheets/style.css HTTP/1.1" 200 1788 "http://localhost:3000/" "Mozilla/5.0 (Macintosh; Intel Mac OS X 10_14_3) AppleWebKit/537.36 (KHTML, like Gecko) Chrome/72.0.3626.119 Safari/537.36"
::1 - - [Tue, 12 Mar 2019 06:48:42 GMT] "GET / HTTP/1.1" 200 885 "-" "Mozilla/5.0 (Macintosh; Intel Mac OS X 10_14_3) AppleWebKit/537.36 (KHTML, like Gecko) Chrome/72.0.3626.119 Safari/537.36"
::1 - - [Tue, 12 Mar 2019 06:48:48 GMT] "GET /login HTTP/1.1" 200 1051 "http://localhost:3000/" "Mozilla/5.0 (Macintosh; Intel Mac OS X 10_14_3) AppleWebKit/537.36 (KHTML, like Gecko) Chrome/72.0.3626.119 Safari/537.36"
::1 - - [Tue, 12 Mar 2019 06:48:48 GMT] "GET /stylesheets/style.css HTTP/1.1" 304 - "http://localhost:3000/login" "Mozilla/5.0 (Macintosh; Intel Mac OS X 10_14_3) AppleWebKit/537.36 (KHTML, like Gecko) Chrome/72.0.3626.119 Safari/537.36"
::1 - - [Tue, 12 Mar 2019 06:48:50 GMT] "GET /reg HTTP/1.1" 200 1317 "http://localhost:3000/login" "Mozilla/5.0 (Macintosh; Intel Mac OS X 10_14_3) AppleWebKit/537.36 (KHTML, like Gecko) Chrome/72.0.3626.119 Safari/537.36"
::1 - - [Tue, 12 Mar 2019 06:48:50 GMT] "GET /stylesheets/style.css HTTP/1.1" 304 - "http://localhost:3000/reg" "Mozilla/5.0 (Macintosh; Intel Mac OS X 10_14_3) AppleWebKit/537.36 (KHTML, like Gecko) Chrome/72.0.3626.119 Safari/537.36"
::1 - - [Tue, 12 Mar 2019 06:49:20 GMT] "POST /reg HTTP/1.1" 302 46 "http://localhost:3000/reg" "Mozilla/5.0 (Macintosh; Intel Mac OS X 10_14_3) AppleWebKit/537.36 (KHTML, like Gecko) Chrome/72.0.3626.119 Safari/537.36"
::1 - - [Tue, 12 Mar 2019 06:49:20 GMT] "GET / HTTP/1.1" 200 922 "http://localhost:3000/reg" "Mozilla/5.0 (Macintosh; Intel Mac OS X 10_14_3) AppleWebKit/537.36 (KHTML, like Gecko) Chrome/72.0.3626.119 Safari/537.36"
::1 - - [Tue, 12 Mar 2019 06:49:20 GMT] "GET /stylesheets/style.css HTTP/1.1" 304 - "http://localhost:3000/" "Mozilla/5.0 (Macintosh; Intel Mac OS X 10_14_3) AppleWebKit/537.36 (KHTML, like Gecko) Chrome/72.0.3626.119 Safari/537.36"
::1 - - [Tue, 12 Mar 2019 06:49:23 GMT] "GET /reg HTTP/1.1" 200 1317 "http://localhost:3000/" "Mozilla/5.0 (Macintosh; Intel Mac OS X 10_14_3) AppleWebKit/537.36 (KHTML, like Gecko) Chrome/72.0.3626.119 Safari/537.36"
::1 - - [Tue, 12 Mar 2019 06:49:23 GMT] "GET /stylesheets/style.css HTTP/1.1" 304 - "http://localhost:3000/reg" "Mozilla/5.0 (Macintosh; Intel Mac OS X 10_14_3) AppleWebKit/537.36 (KHTML, like Gecko) Chrome/72.0.3626.119 Safari/537.36"
::1 - - [Tue, 12 Mar 2019 06:49:25 GMT] "GET /login HTTP/1.1" 304 - "http://localhost:3000/reg" "Mozilla/5.0 (Macintosh; Intel Mac OS X 10_14_3) AppleWebKit/537.36 (KHTML, like Gecko) Chrome/72.0.3626.119 Safari/537.36"
::1 - - [Tue, 12 Mar 2019 06:49:25 GMT] "GET /stylesheets/style.css HTTP/1.1" 304 - "http://localhost:3000/login" "Mozilla/5.0 (Macintosh; Intel Mac OS X 10_14_3) AppleWebKit/537.36 (KHTML, like Gecko) Chrome/72.0.3626.119 Safari/537.36"
::1 - - [Tue, 12 Mar 2019 06:49:31 GMT] "POST /login HTTP/1.1" 302 46 "http://localhost:3000/login" "Mozilla/5.0 (Macintosh; Intel Mac OS X 10_14_3) AppleWebKit/537.36 (KHTML, like Gecko) Chrome/72.0.3626.119 Safari/537.36"
::1 - - [Tue, 12 Mar 2019 06:49:31 GMT] "GET / HTTP/1.1" 200 921 "http://localhost:3000/login" "Mozilla/5.0 (Macintosh; Intel Mac OS X 10_14_3) AppleWebKit/537.36 (KHTML, like Gecko) Chrome/72.0.3626.119 Safari/537.36"
::1 - - [Tue, 12 Mar 2019 06:49:32 GMT] "GET /stylesheets/style.css HTTP/1.1" 304 - "http://localhost:3000/" "Mozilla/5.0 (Macintosh; Intel Mac OS X 10_14_3) AppleWebKit/537.36 (KHTML, like Gecko) Chrome/72.0.3626.119 Safari/537.36"
::1 - - [Tue, 12 Mar 2019 06:49:33 GMT] "GET /post HTTP/1.1" 200 1220 "http://localhost:3000/" "Mozilla/5.0 (Macintosh; Intel Mac OS X 10_14_3) AppleWebKit/537.36 (KHTML, like Gecko) Chrome/72.0.3626.119 Safari/537.36"
::1 - - [Tue, 12 Mar 2019 06:49:33 GMT] "GET /stylesheets/style.css HTTP/1.1" 304 - "http://localhost:3000/post" "Mozilla/5.0 (Macintosh; Intel Mac OS X 10_14_3) AppleWebKit/537.36 (KHTML, like Gecko) Chrome/72.0.3626.119 Safari/537.36"
::1 - - [Tue, 12 Mar 2019 06:50:28 GMT] "POST /post HTTP/1.1" 302 46 "http://localhost:3000/post" "Mozilla/5.0 (Macintosh; Intel Mac OS X 10_14_3) AppleWebKit/537.36 (KHTML, like Gecko) Chrome/72.0.3626.119 Safari/537.36"
::1 - - [Tue, 12 Mar 2019 06:50:28 GMT] "GET / HTTP/1.1" 200 1820 "http://localhost:3000/post" "Mozilla/5.0 (Macintosh; Intel Mac OS X 10_14_3) AppleWebKit/537.36 (KHTML, like Gecko) Chrome/72.0.3626.119 Safari/537.36"
::1 - - [Tue, 12 Mar 2019 06:50:28 GMT] "GET /stylesheets/style.css HTTP/1.1" 304 - "http://localhost:3000/" "Mozilla/5.0 (Macintosh; Intel Mac OS X 10_14_3) AppleWebKit/537.36 (KHTML, like Gecko) Chrome/72.0.3626.119 Safari/537.36"
::1 - - [Tue, 12 Mar 2019 06:50:40 GMT] "GET /post HTTP/1.1" 200 1220 "http://localhost:3000/" "Mozilla/5.0 (Macintosh; Intel Mac OS X 10_14_3) AppleWebKit/537.36 (KHTML, like Gecko) Chrome/72.0.3626.119 Safari/537.36"
::1 - - [Tue, 12 Mar 2019 06:50:40 GMT] "GET /stylesheets/style.css HTTP/1.1" 304 - "http://localhost:3000/post" "Mozilla/5.0 (Macintosh; Intel Mac OS X 10_14_3) AppleWebKit/537.36 (KHTML, like Gecko) Chrome/72.0.3626.119 Safari/537.36"
::1 - - [Tue, 12 Mar 2019 06:51:08 GMT] "POST /post HTTP/1.1" 302 46 "http://localhost:3000/post" "Mozilla/5.0 (Macintosh; Intel Mac OS X 10_14_3) AppleWebKit/537.36 (KHTML, like Gecko) Chrome/72.0.3626.119 Safari/537.36"
::1 - - [Tue, 12 Mar 2019 06:51:08 GMT] "GET / HTTP/1.1" 200 2738 "http://localhost:3000/post" "Mozilla/5.0 (Macintosh; Intel Mac OS X 10_14_3) AppleWebKit/537.36 (KHTML, like Gecko) Chrome/72.0.3626.119 Safari/537.36"
::1 - - [Tue, 12 Mar 2019 06:51:08 GMT] "GET /stylesheets/style.css HTTP/1.1" 304 - "http://localhost:3000/" "Mozilla/5.0 (Macintosh; Intel Mac OS X 10_14_3) AppleWebKit/537.36 (KHTML, like Gecko) Chrome/72.0.3626.119 Safari/537.36"
::1 - - [Tue, 12 Mar 2019 06:51:21 GMT] "GET /post HTTP/1.1" 200 1220 "http://localhost:3000/" "Mozilla/5.0 (Macintosh; Intel Mac OS X 10_14_3) AppleWebKit/537.36 (KHTML, like Gecko) Chrome/72.0.3626.119 Safari/537.36"
::1 - - [Tue, 12 Mar 2019 06:51:21 GMT] "GET /stylesheets/style.css HTTP/1.1" 304 - "http://localhost:3000/post" "Mozilla/5.0 (Macintosh; Intel Mac OS X 10_14_3) AppleWebKit/537.36 (KHTML, like Gecko) Chrome/72.0.3626.119 Safari/537.36"
::1 - - [Tue, 12 Mar 2019 06:51:55 GMT] "POST /post HTTP/1.1" 302 46 "http://localhost:3000/post" "Mozilla/5.0 (Macintosh; Intel Mac OS X 10_14_3) AppleWebKit/537.36 (KHTML, like Gecko) Chrome/72.0.3626.119 Safari/537.36"
::1 - - [Tue, 12 Mar 2019 06:51:55 GMT] "GET / HTTP/1.1" 200 3985 "http://localhost:3000/post" "Mozilla/5.0 (Macintosh; Intel Mac OS X 10_14_3) AppleWebKit/537.36 (KHTML, like Gecko) Chrome/72.0.3626.119 Safari/537.36"
::1 - - [Tue, 12 Mar 2019 06:51:55 GMT] "GET /stylesheets/style.css HTTP/1.1" 304 - "http://localhost:3000/" "Mozilla/5.0 (Macintosh; Intel Mac OS X 10_14_3) AppleWebKit/537.36 (KHTML, like Gecko) Chrome/72.0.3626.119 Safari/537.36"
::1 - - [Tue, 12 Mar 2019 06:52:02 GMT] "GET /logout HTTP/1.1" 302 46 "http://localhost:3000/" "Mozilla/5.0 (Macintosh; Intel Mac OS X 10_14_3) AppleWebKit/537.36 (KHTML, like Gecko) Chrome/72.0.3626.119 Safari/537.36"
::1 - - [Tue, 12 Mar 2019 06:52:02 GMT] "GET / HTTP/1.1" 200 3986 "http://localhost:3000/" "Mozilla/5.0 (Macintosh; Intel Mac OS X 10_14_3) AppleWebKit/537.36 (KHTML, like Gecko) Chrome/72.0.3626.119 Safari/537.36"
::1 - - [Tue, 12 Mar 2019 06:52:02 GMT] "GET /stylesheets/style.css HTTP/1.1" 304 - "http://localhost:3000/" "Mozilla/5.0 (Macintosh; Intel Mac OS X 10_14_3) AppleWebKit/537.36 (KHTML, like Gecko) Chrome/72.0.3626.119 Safari/537.36"
::1 - - [Tue, 12 Mar 2019 06:52:05 GMT] "GET /reg HTTP/1.1" 304 - "http://localhost:3000/" "Mozilla/5.0 (Macintosh; Intel Mac OS X 10_14_3) AppleWebKit/537.36 (KHTML, like Gecko) Chrome/72.0.3626.119 Safari/537.36"
::1 - - [Tue, 12 Mar 2019 06:52:05 GMT] "GET /stylesheets/style.css HTTP/1.1" 304 - "http://localhost:3000/reg" "Mozilla/5.0 (Macintosh; Intel Mac OS X 10_14_3) AppleWebKit/537.36 (KHTML, like Gecko) Chrome/72.0.3626.119 Safari/537.36"
::1 - - [Tue, 12 Mar 2019 06:52:28 GMT] "POST /reg HTTP/1.1" 302 46 "http://localhost:3000/reg" "Mozilla/5.0 (Macintosh; Intel Mac OS X 10_14_3) AppleWebKit/537.36 (KHTML, like Gecko) Chrome/72.0.3626.119 Safari/537.36"
::1 - - [Tue, 12 Mar 2019 06:52:28 GMT] "GET / HTTP/1.1" 200 3986 "http://localhost:3000/reg" "Mozilla/5.0 (Macintosh; Intel Mac OS X 10_14_3) AppleWebKit/537.36 (KHTML, like Gecko) Chrome/72.0.3626.119 Safari/537.36"
::1 - - [Tue, 12 Mar 2019 06:52:28 GMT] "GET /stylesheets/style.css HTTP/1.1" 304 - "http://localhost:3000/" "Mozilla/5.0 (Macintosh; Intel Mac OS X 10_14_3) AppleWebKit/537.36 (KHTML, like Gecko) Chrome/72.0.3626.119 Safari/537.36"
::1 - - [Tue, 12 Mar 2019 06:52:29 GMT] "GET /login HTTP/1.1" 200 1051 "http://localhost:3000/" "Mozilla/5.0 (Macintosh; Intel Mac OS X 10_14_3) AppleWebKit/537.36 (KHTML, like Gecko) Chrome/72.0.3626.119 Safari/537.36"
::1 - - [Tue, 12 Mar 2019 06:52:29 GMT] "GET /stylesheets/style.css HTTP/1.1" 304 - "http://localhost:3000/login" "Mozilla/5.0 (Macintosh; Intel Mac OS X 10_14_3) AppleWebKit/537.36 (KHTML, like Gecko) Chrome/72.0.3626.119 Safari/537.36"
::1 - - [Tue, 12 Mar 2019 06:52:37 GMT] "POST /login HTTP/1.1" 302 46 "http://localhost:3000/login" "Mozilla/5.0 (Macintosh; Intel Mac OS X 10_14_3) AppleWebKit/537.36 (KHTML, like Gecko) Chrome/72.0.3626.119 Safari/537.36"
::1 - - [Tue, 12 Mar 2019 06:52:37 GMT] "GET / HTTP/1.1" 200 3985 "http://localhost:3000/login" "Mozilla/5.0 (Macintosh; Intel Mac OS X 10_14_3) AppleWebKit/537.36 (KHTML, like Gecko) Chrome/72.0.3626.119 Safari/537.36"
::1 - - [Tue, 12 Mar 2019 06:52:37 GMT] "GET /stylesheets/style.css HTTP/1.1" 304 - "http://localhost:3000/" "Mozilla/5.0 (Macintosh; Intel Mac OS X 10_14_3) AppleWebKit/537.36 (KHTML, like Gecko) Chrome/72.0.3626.119 Safari/537.36"
::1 - - [Tue, 12 Mar 2019 06:52:38 GMT] "GET /post HTTP/1.1" 200 1220 "http://localhost:3000/" "Mozilla/5.0 (Macintosh; Intel Mac OS X 10_14_3) AppleWebKit/537.36 (KHTML, like Gecko) Chrome/72.0.3626.119 Safari/537.36"
::1 - - [Tue, 12 Mar 2019 06:52:38 GMT] "GET /stylesheets/style.css HTTP/1.1" 304 - "http://localhost:3000/post" "Mozilla/5.0 (Macintosh; Intel Mac OS X 10_14_3) AppleWebKit/537.36 (KHTML, like Gecko) Chrome/72.0.3626.119 Safari/537.36"
::1 - - [Tue, 12 Mar 2019 06:53:04 GMT] "POST /post HTTP/1.1" 302 46 "http://localhost:3000/post" "Mozilla/5.0 (Macintosh; Intel Mac OS X 10_14_3) AppleWebKit/537.36 (KHTML, like Gecko) Chrome/72.0.3626.119 Safari/537.36"
::1 - - [Tue, 12 Mar 2019 06:53:04 GMT] "GET / HTTP/1.1" 200 5014 "http://localhost:3000/post" "Mozilla/5.0 (Macintosh; Intel Mac OS X 10_14_3) AppleWebKit/537.36 (KHTML, like Gecko) Chrome/72.0.3626.119 Safari/537.36"
::1 - - [Tue, 12 Mar 2019 06:53:04 GMT] "GET /stylesheets/style.css HTTP/1.1" 304 - "http://localhost:3000/" "Mozilla/5.0 (Macintosh; Intel Mac OS X 10_14_3) AppleWebKit/537.36 (KHTML, like Gecko) Chrome/72.0.3626.119 Safari/537.36"
::1 - - [Tue, 12 Mar 2019 06:53:17 GMT] "GET /post HTTP/1.1" 200 1220 "http://localhost:3000/" "Mozilla/5.0 (Macintosh; Intel Mac OS X 10_14_3) AppleWebKit/537.36 (KHTML, like Gecko) Chrome/72.0.3626.119 Safari/537.36"
::1 - - [Tue, 12 Mar 2019 06:53:17 GMT] "GET /stylesheets/style.css HTTP/1.1" 304 - "http://localhost:3000/post" "Mozilla/5.0 (Macintosh; Intel Mac OS X 10_14_3) AppleWebKit/537.36 (KHTML, like Gecko) Chrome/72.0.3626.119 Safari/537.36"
::1 - - [Tue, 12 Mar 2019 06:53:37 GMT] "POST /post HTTP/1.1" 302 46 "http://localhost:3000/post" "Mozilla/5.0 (Macintosh; Intel Mac OS X 10_14_3) AppleWebKit/537.36 (KHTML, like Gecko) Chrome/72.0.3626.119 Safari/537.36"
::1 - - [Tue, 12 Mar 2019 06:53:37 GMT] "GET / HTTP/1.1" 200 5830 "http://localhost:3000/post" "Mozilla/5.0 (Macintosh; Intel Mac OS X 10_14_3) AppleWebKit/537.36 (KHTML, like Gecko) Chrome/72.0.3626.119 Safari/537.36"
::1 - - [Tue, 12 Mar 2019 06:53:37 GMT] "GET /stylesheets/style.css HTTP/1.1" 304 - "http://localhost:3000/" "Mozilla/5.0 (Macintosh; Intel Mac OS X 10_14_3) AppleWebKit/537.36 (KHTML, like Gecko) Chrome/72.0.3626.119 Safari/537.36"
::1 - - [Tue, 12 Mar 2019 06:53:44 GMT] "GET /links HTTP/1.1" 200 1035 "http://localhost:3000/" "Mozilla/5.0 (Macintosh; Intel Mac OS X 10_14_3) AppleWebKit/537.36 (KHTML, like Gecko) Chrome/72.0.3626.119 Safari/537.36"
::1 - - [Tue, 12 Mar 2019 06:53:44 GMT] "GET /stylesheets/style.css HTTP/1.1" 304 - "http://localhost:3000/links" "Mozilla/5.0 (Macintosh; Intel Mac OS X 10_14_3) AppleWebKit/537.36 (KHTML, like Gecko) Chrome/72.0.3626.119 Safari/537.36"
::1 - - [Tue, 12 Mar 2019 06:53:47 GMT] "GET /tags HTTP/1.1" 500 405 "http://localhost:3000/links" "Mozilla/5.0 (Macintosh; Intel Mac OS X 10_14_3) AppleWebKit/537.36 (KHTML, like Gecko) Chrome/72.0.3626.119 Safari/537.36"
::1 - - [Tue, 12 Mar 2019 06:53:47 GMT] "GET /stylesheets/style.css HTTP/1.1" 304 - "http://localhost:3000/tags" "Mozilla/5.0 (Macintosh; Intel Mac OS X 10_14_3) AppleWebKit/537.36 (KHTML, like Gecko) Chrome/72.0.3626.119 Safari/537.36"
::1 - - [Tue, 12 Mar 2019 06:54:02 GMT] "GET / HTTP/1.1" 200 5793 "http://localhost:3000/tags" "Mozilla/5.0 (Macintosh; Intel Mac OS X 10_14_3) AppleWebKit/537.36 (KHTML, like Gecko) Chrome/72.0.3626.119 Safari/537.36"
::1 - - [Tue, 12 Mar 2019 06:54:02 GMT] "GET /stylesheets/style.css HTTP/1.1" 304 - "http://localhost:3000/" "Mozilla/5.0 (Macintosh; Intel Mac OS X 10_14_3) AppleWebKit/537.36 (KHTML, like Gecko) Chrome/72.0.3626.119 Safari/537.36"
::1 - - [Tue, 12 Mar 2019 06:54:11 GMT] "GET /search?keyword=mimi HTTP/1.1" 200 1071 "http://localhost:3000/" "Mozilla/5.0 (Macintosh; Intel Mac OS X 10_14_3) AppleWebKit/537.36 (KHTML, like Gecko) Chrome/72.0.3626.119 Safari/537.36"
::1 - - [Tue, 12 Mar 2019 06:54:11 GMT] "GET /stylesheets/style.css HTTP/1.1" 304 - "http://localhost:3000/search?keyword=mimi" "Mozilla/5.0 (Macintosh; Intel Mac OS X 10_14_3) AppleWebKit/537.36 (KHTML, like Gecko) Chrome/72.0.3626.119 Safari/537.36"
::1 - - [Tue, 12 Mar 2019 06:54:14 GMT] "GET / HTTP/1.1" 304 - "http://localhost:3000/search?keyword=mimi" "Mozilla/5.0 (Macintosh; Intel Mac OS X 10_14_3) AppleWebKit/537.36 (KHTML, like Gecko) Chrome/72.0.3626.119 Safari/537.36"
::1 - - [Tue, 12 Mar 2019 06:54:14 GMT] "GET /stylesheets/style.css HTTP/1.1" 304 - "http://localhost:3000/" "Mozilla/5.0 (Macintosh; Intel Mac OS X 10_14_3) AppleWebKit/537.36 (KHTML, like Gecko) Chrome/72.0.3626.119 Safari/537.36"
::1 - - [Tue, 12 Mar 2019 06:54:16 GMT] "GET /post HTTP/1.1" 200 1220 "http://localhost:3000/" "Mozilla/5.0 (Macintosh; Intel Mac OS X 10_14_3) AppleWebKit/537.36 (KHTML, like Gecko) Chrome/72.0.3626.119 Safari/537.36"
::1 - - [Tue, 12 Mar 2019 06:54:16 GMT] "GET /stylesheets/style.css HTTP/1.1" 304 - "http://localhost:3000/post" "Mozilla/5.0 (Macintosh; Intel Mac OS X 10_14_3) AppleWebKit/537.36 (KHTML, like Gecko) Chrome/72.0.3626.119 Safari/537.36"
::1 - - [Tue, 12 Mar 2019 06:54:18 GMT] "GET /logout HTTP/1.1" 302 46 "http://localhost:3000/post" "Mozilla/5.0 (Macintosh; Intel Mac OS X 10_14_3) AppleWebKit/537.36 (KHTML, like Gecko) Chrome/72.0.3626.119 Safari/537.36"
::1 - - [Tue, 12 Mar 2019 06:54:18 GMT] "GET / HTTP/1.1" 200 5831 "http://localhost:3000/post" "Mozilla/5.0 (Macintosh; Intel Mac OS X 10_14_3) AppleWebKit/537.36 (KHTML, like Gecko) Chrome/72.0.3626.119 Safari/537.36"
::1 - - [Tue, 12 Mar 2019 06:54:18 GMT] "GET /stylesheets/style.css HTTP/1.1" 304 - "http://localhost:3000/" "Mozilla/5.0 (Macintosh; Intel Mac OS X 10_14_3) AppleWebKit/537.36 (KHTML, like Gecko) Chrome/72.0.3626.119 Safari/537.36"
::1 - - [Tue, 12 Mar 2019 06:54:19 GMT] "GET /upload HTTP/1.1" 500 56 "http://localhost:3000/" "Mozilla/5.0 (Macintosh; Intel Mac OS X 10_14_3) AppleWebKit/537.36 (KHTML, like Gecko) Chrome/72.0.3626.119 Safari/537.36"
::1 - - [Tue, 12 Mar 2019 06:54:19 GMT] "GET /login HTTP/1.1" 200 1091 "http://localhost:3000/" "Mozilla/5.0 (Macintosh; Intel Mac OS X 10_14_3) AppleWebKit/537.36 (KHTML, like Gecko) Chrome/72.0.3626.119 Safari/537.36"
::1 - - [Tue, 12 Mar 2019 06:54:19 GMT] "GET /stylesheets/style.css HTTP/1.1" 304 - "http://localhost:3000/login" "Mozilla/5.0 (Macintosh; Intel Mac OS X 10_14_3) AppleWebKit/537.36 (KHTML, like Gecko) Chrome/72.0.3626.119 Safari/537.36"
::1 - - [Tue, 12 Mar 2019 06:54:20 GMT] "GET /archive HTTP/1.1" 200 1757 "http://localhost:3000/login" "Mozilla/5.0 (Macintosh; Intel Mac OS X 10_14_3) AppleWebKit/537.36 (KHTML, like Gecko) Chrome/72.0.3626.119 Safari/537.36"
::1 - - [Tue, 12 Mar 2019 06:54:20 GMT] "GET /stylesheets/style.css HTTP/1.1" 304 - "http://localhost:3000/archive" "Mozilla/5.0 (Macintosh; Intel Mac OS X 10_14_3) AppleWebKit/537.36 (KHTML, like Gecko) Chrome/72.0.3626.119 Safari/537.36"
::1 - - [Tue, 12 Mar 2019 06:54:26 GMT] "GET /tags HTTP/1.1" 500 405 "http://localhost:3000/archive" "Mozilla/5.0 (Macintosh; Intel Mac OS X 10_14_3) AppleWebKit/537.36 (KHTML, like Gecko) Chrome/72.0.3626.119 Safari/537.36"
::1 - - [Tue, 12 Mar 2019 06:54:26 GMT] "GET /stylesheets/style.css HTTP/1.1" 304 - "http://localhost:3000/tags" "Mozilla/5.0 (Macintosh; Intel Mac OS X 10_14_3) AppleWebKit/537.36 (KHTML, like Gecko) Chrome/72.0.3626.119 Safari/537.36"
::1 - - [Tue, 12 Mar 2019 06:54:29 GMT] "GET / HTTP/1.1" 200 5794 "http://localhost:3000/tags" "Mozilla/5.0 (Macintosh; Intel Mac OS X 10_14_3) AppleWebKit/537.36 (KHTML, like Gecko) Chrome/72.0.3626.119 Safari/537.36"
::1 - - [Tue, 12 Mar 2019 06:54:29 GMT] "GET /stylesheets/style.css HTTP/1.1" 304 - "http://localhost:3000/" "Mozilla/5.0 (Macintosh; Intel Mac OS X 10_14_3) AppleWebKit/537.36 (KHTML, like Gecko) Chrome/72.0.3626.119 Safari/537.36"
::1 - - [Tue, 12 Mar 2019 06:54:37 GMT] "GET /tags/weibo HTTP/1.1" 200 1376 "http://localhost:3000/" "Mozilla/5.0 (Macintosh; Intel Mac OS X 10_14_3) AppleWebKit/537.36 (KHTML, like Gecko) Chrome/72.0.3626.119 Safari/537.36"
::1 - - [Tue, 12 Mar 2019 06:54:37 GMT] "GET /stylesheets/style.css HTTP/1.1" 304 - "http://localhost:3000/tags/weibo" "Mozilla/5.0 (Macintosh; Intel Mac OS X 10_14_3) AppleWebKit/537.36 (KHTML, like Gecko) Chrome/72.0.3626.119 Safari/537.36"
::1 - - [Tue, 12 Mar 2019 06:54:40 GMT] "GET / HTTP/1.1" 304 - "http://localhost:3000/tags/weibo" "Mozilla/5.0 (Macintosh; Intel Mac OS X 10_14_3) AppleWebKit/537.36 (KHTML, like Gecko) Chrome/72.0.3626.119 Safari/537.36"
::1 - - [Tue, 12 Mar 2019 06:54:40 GMT] "GET /stylesheets/style.css HTTP/1.1" 304 - "http://localhost:3000/" "Mozilla/5.0 (Macintosh; Intel Mac OS X 10_14_3) AppleWebKit/537.36 (KHTML, like Gecko) Chrome/72.0.3626.119 Safari/537.36"
::1 - - [Tue, 12 Mar 2019 06:54:49 GMT] "GET /u/sissy/2019-3-12/Amy HTTP/1.1" 200 1774 "http://localhost:3000/" "Mozilla/5.0 (Macintosh; Intel Mac OS X 10_14_3) AppleWebKit/537.36 (KHTML, like Gecko) Chrome/72.0.3626.119 Safari/537.36"
::1 - - [Tue, 12 Mar 2019 06:54:49 GMT] "GET /stylesheets/style.css HTTP/1.1" 304 - "http://localhost:3000/u/sissy/2019-3-12/Amy" "Mozilla/5.0 (Macintosh; Intel Mac OS X 10_14_3) AppleWebKit/537.36 (KHTML, like Gecko) Chrome/72.0.3626.119 Safari/537.36"
::1 - - [Tue, 12 Mar 2019 06:55:04 GMT] "GET /login HTTP/1.1" 200 1051 "http://localhost:3000/u/sissy/2019-3-12/Amy" "Mozilla/5.0 (Macintosh; Intel Mac OS X 10_14_3) AppleWebKit/537.36 (KHTML, like Gecko) Chrome/72.0.3626.119 Safari/537.36"
::1 - - [Tue, 12 Mar 2019 06:55:04 GMT] "GET /stylesheets/style.css HTTP/1.1" 304 - "http://localhost:3000/login" "Mozilla/5.0 (Macintosh; Intel Mac OS X 10_14_3) AppleWebKit/537.36 (KHTML, like Gecko) Chrome/72.0.3626.119 Safari/537.36"
::1 - - [Tue, 12 Mar 2019 06:55:06 GMT] "GET /login HTTP/1.1" 304 - "http://localhost:3000/login" "Mozilla/5.0 (Macintosh; Intel Mac OS X 10_14_3) AppleWebKit/537.36 (KHTML, like Gecko) Chrome/72.0.3626.119 Safari/537.36"
::1 - - [Tue, 12 Mar 2019 06:55:06 GMT] "GET /stylesheets/style.css HTTP/1.1" 304 - "http://localhost:3000/login" "Mozilla/5.0 (Macintosh; Intel Mac OS X 10_14_3) AppleWebKit/537.36 (KHTML, like Gecko) Chrome/72.0.3626.119 Safari/537.36"
::1 - - [Tue, 12 Mar 2019 06:55:07 GMT] "GET / HTTP/1.1" 200 5794 "http://localhost:3000/login" "Mozilla/5.0 (Macintosh; Intel Mac OS X 10_14_3) AppleWebKit/537.36 (KHTML, like Gecko) Chrome/72.0.3626.119 Safari/537.36"
::1 - - [Tue, 12 Mar 2019 06:55:07 GMT] "GET /stylesheets/style.css HTTP/1.1" 304 - "http://localhost:3000/" "Mozilla/5.0 (Macintosh; Intel Mac OS X 10_14_3) AppleWebKit/537.36 (KHTML, like Gecko) Chrome/72.0.3626.119 Safari/537.36"
::1 - - [Tue, 12 Mar 2019 06:55:10 GMT] "GET /u/sissy/2019-3-12/yaya HTTP/1.1" 200 2121 "http://localhost:3000/" "Mozilla/5.0 (Macintosh; Intel Mac OS X 10_14_3) AppleWebKit/537.36 (KHTML, like Gecko) Chrome/72.0.3626.119 Safari/537.36"
::1 - - [Tue, 12 Mar 2019 06:55:10 GMT] "GET /stylesheets/style.css HTTP/1.1" 304 - "http://localhost:3000/u/sissy/2019-3-12/yaya" "Mozilla/5.0 (Macintosh; Intel Mac OS X 10_14_3) AppleWebKit/537.36 (KHTML, like Gecko) Chrome/72.0.3626.119 Safari/537.36"
::1 - - [Tue, 12 Mar 2019 06:55:12 GMT] "POST /u/sissy/2019-3-12/yaya HTTP/1.1" 302 132 "http://localhost:3000/u/sissy/2019-3-12/yaya" "Mozilla/5.0 (Macintosh; Intel Mac OS X 10_14_3) AppleWebKit/537.36 (KHTML, like Gecko) Chrome/72.0.3626.119 Safari/537.36"
::1 - - [Tue, 12 Mar 2019 06:55:12 GMT] "GET /u/sissy/2019-3-12/yaya HTTP/1.1" 200 2385 "http://localhost:3000/u/sissy/2019-3-12/yaya" "Mozilla/5.0 (Macintosh; Intel Mac OS X 10_14_3) AppleWebKit/537.36 (KHTML, like Gecko) Chrome/72.0.3626.119 Safari/537.36"
::1 - - [Tue, 12 Mar 2019 06:55:12 GMT] "GET /stylesheets/style.css HTTP/1.1" 304 - "http://localhost:3000/u/sissy/2019-3-12/yaya" "Mozilla/5.0 (Macintosh; Intel Mac OS X 10_14_3) AppleWebKit/537.36 (KHTML, like Gecko) Chrome/72.0.3626.119 Safari/537.36"
::1 - - [Tue, 12 Mar 2019 06:55:16 GMT] "GET / HTTP/1.1" 200 5794 "http://localhost:3000/u/sissy/2019-3-12/yaya" "Mozilla/5.0 (Macintosh; Intel Mac OS X 10_14_3) AppleWebKit/537.36 (KHTML, like Gecko) Chrome/72.0.3626.119 Safari/537.36"
::1 - - [Tue, 12 Mar 2019 06:55:16 GMT] "GET /stylesheets/style.css HTTP/1.1" 304 - "http://localhost:3000/" "Mozilla/5.0 (Macintosh; Intel Mac OS X 10_14_3) AppleWebKit/537.36 (KHTML, like Gecko) Chrome/72.0.3626.119 Safari/537.36"
::1 - - [Tue, 12 Mar 2019 06:55:22 GMT] "GET /u/sissy/2019-3-12/yaya HTTP/1.1" 200 2345 "http://localhost:3000/" "Mozilla/5.0 (Macintosh; Intel Mac OS X 10_14_3) AppleWebKit/537.36 (KHTML, like Gecko) Chrome/72.0.3626.119 Safari/537.36"
::1 - - [Tue, 12 Mar 2019 06:55:22 GMT] "GET /stylesheets/style.css HTTP/1.1" 304 - "http://localhost:3000/u/sissy/2019-3-12/yaya" "Mozilla/5.0 (Macintosh; Intel Mac OS X 10_14_3) AppleWebKit/537.36 (KHTML, like Gecko) Chrome/72.0.3626.119 Safari/537.36"
::1 - - [Tue, 12 Mar 2019 06:55:27 GMT] "GET /login HTTP/1.1" 304 - "http://localhost:3000/u/sissy/2019-3-12/yaya" "Mozilla/5.0 (Macintosh; Intel Mac OS X 10_14_3) AppleWebKit/537.36 (KHTML, like Gecko) Chrome/72.0.3626.119 Safari/537.36"
::1 - - [Tue, 12 Mar 2019 06:55:27 GMT] "GET /stylesheets/style.css HTTP/1.1" 304 - "http://localhost:3000/login" "Mozilla/5.0 (Macintosh; Intel Mac OS X 10_14_3) AppleWebKit/537.36 (KHTML, like Gecko) Chrome/72.0.3626.119 Safari/537.36"
::1 - - [Tue, 12 Mar 2019 06:55:34 GMT] "POST /login HTTP/1.1" 302 46 "http://localhost:3000/login" "Mozilla/5.0 (Macintosh; Intel Mac OS X 10_14_3) AppleWebKit/537.36 (KHTML, like Gecko) Chrome/72.0.3626.119 Safari/537.36"
::1 - - [Tue, 12 Mar 2019 06:55:34 GMT] "GET / HTTP/1.1" 200 5830 "http://localhost:3000/login" "Mozilla/5.0 (Macintosh; Intel Mac OS X 10_14_3) AppleWebKit/537.36 (KHTML, like Gecko) Chrome/72.0.3626.119 Safari/537.36"
::1 - - [Tue, 12 Mar 2019 06:55:34 GMT] "GET /stylesheets/style.css HTTP/1.1" 304 - "http://localhost:3000/" "Mozilla/5.0 (Macintosh; Intel Mac OS X 10_14_3) AppleWebKit/537.36 (KHTML, like Gecko) Chrome/72.0.3626.119 Safari/537.36"
::1 - - [Tue, 12 Mar 2019 06:55:38 GMT] "GET /u/sissy/2019-3-12/yaya HTTP/1.1" 200 2387 "http://localhost:3000/" "Mozilla/5.0 (Macintosh; Intel Mac OS X 10_14_3) AppleWebKit/537.36 (KHTML, like Gecko) Chrome/72.0.3626.119 Safari/537.36"
::1 - - [Tue, 12 Mar 2019 06:55:38 GMT] "GET /stylesheets/style.css HTTP/1.1" 304 - "http://localhost:3000/u/sissy/2019-3-12/yaya" "Mozilla/5.0 (Macintosh; Intel Mac OS X 10_14_3) AppleWebKit/537.36 (KHTML, like Gecko) Chrome/72.0.3626.119 Safari/537.36"
::1 - - [Tue, 12 Mar 2019 07:02:03 GMT] "GET / HTTP/1.1" 200 5793 "http://localhost:3000/u/sissy/2019-3-12/yaya" "Mozilla/5.0 (Macintosh; Intel Mac OS X 10_14_3) AppleWebKit/537.36 (KHTML, like Gecko) Chrome/72.0.3626.119 Safari/537.36"
::1 - - [Tue, 12 Mar 2019 07:02:03 GMT] "GET /stylesheets/style.css HTTP/1.1" 304 - "http://localhost:3000/" "Mozilla/5.0 (Macintosh; Intel Mac OS X 10_14_3) AppleWebKit/537.36 (KHTML, like Gecko) Chrome/72.0.3626.119 Safari/537.36"
::1 - - [Tue, 12 Mar 2019 07:02:05 GMT] "GET /u/sissy/2019-3-12/yaya HTTP/1.1" 200 2706 "http://localhost:3000/" "Mozilla/5.0 (Macintosh; Intel Mac OS X 10_14_3) AppleWebKit/537.36 (KHTML, like Gecko) Chrome/72.0.3626.119 Safari/537.36"
::1 - - [Tue, 12 Mar 2019 07:02:05 GMT] "GET /stylesheets/style.css HTTP/1.1" 304 - "http://localhost:3000/u/sissy/2019-3-12/yaya" "Mozilla/5.0 (Macintosh; Intel Mac OS X 10_14_3) AppleWebKit/537.36 (KHTML, like Gecko) Chrome/72.0.3626.119 Safari/537.36"
::1 - - [Tue, 12 Mar 2019 07:03:35 GMT] "GET / HTTP/1.1" 200 5793 "-" "Mozilla/5.0 (Macintosh; Intel Mac OS X 10_14_3) AppleWebKit/537.36 (KHTML, like Gecko) Chrome/72.0.3626.119 Safari/537.36"
::1 - - [Tue, 12 Mar 2019 07:03:35 GMT] "GET /stylesheets/style.css HTTP/1.1" 304 - "http://localhost:3000/" "Mozilla/5.0 (Macintosh; Intel Mac OS X 10_14_3) AppleWebKit/537.36 (KHTML, like Gecko) Chrome/72.0.3626.119 Safari/537.36"
::1 - - [Tue, 12 Mar 2019 07:03:38 GMT] "GET /u/sissy/2019-3-12/yaya HTTP/1.1" 200 2706 "http://localhost:3000/" "Mozilla/5.0 (Macintosh; Intel Mac OS X 10_14_3) AppleWebKit/537.36 (KHTML, like Gecko) Chrome/72.0.3626.119 Safari/537.36"
::1 - - [Tue, 12 Mar 2019 07:03:38 GMT] "GET /stylesheets/style.css HTTP/1.1" 304 - "http://localhost:3000/u/sissy/2019-3-12/yaya" "Mozilla/5.0 (Macintosh; Intel Mac OS X 10_14_3) AppleWebKit/537.36 (KHTML, like Gecko) Chrome/72.0.3626.119 Safari/537.36"
::1 - - [Tue, 12 Mar 2019 07:04:03 GMT] "GET / HTTP/1.1" 200 5793 "-" "Mozilla/5.0 (Macintosh; Intel Mac OS X 10_14_3) AppleWebKit/537.36 (KHTML, like Gecko) Chrome/72.0.3626.119 Safari/537.36"
::1 - - [Tue, 12 Mar 2019 07:04:03 GMT] "GET /stylesheets/style.css HTTP/1.1" 304 - "http://localhost:3000/" "Mozilla/5.0 (Macintosh; Intel Mac OS X 10_14_3) AppleWebKit/537.36 (KHTML, like Gecko) Chrome/72.0.3626.119 Safari/537.36"
::1 - - [Tue, 12 Mar 2019 07:04:05 GMT] "GET /u/sissy/2019-3-12/yaya HTTP/1.1" 200 2706 "http://localhost:3000/" "Mozilla/5.0 (Macintosh; Intel Mac OS X 10_14_3) AppleWebKit/537.36 (KHTML, like Gecko) Chrome/72.0.3626.119 Safari/537.36"
::1 - - [Tue, 12 Mar 2019 07:04:05 GMT] "GET /stylesheets/style.css HTTP/1.1" 304 - "http://localhost:3000/u/sissy/2019-3-12/yaya" "Mozilla/5.0 (Macintosh; Intel Mac OS X 10_14_3) AppleWebKit/537.36 (KHTML, like Gecko) Chrome/72.0.3626.119 Safari/537.36"
::1 - - [Tue, 12 Mar 2019 07:21:59 GMT] "GET /reprint/sissy/2019-3-12/yaya HTTP/1.1" 302 144 "-" "Mozilla/5.0 (Macintosh; Intel Mac OS X 10_14_3) AppleWebKit/537.36 (KHTML, like Gecko) Chrome/72.0.3626.119 Safari/537.36"
::1 - - [Tue, 12 Mar 2019 07:21:59 GMT] "GET /u/qianqian/2019-3-12/%5B%E8%BD%AC%E8%BD%BD%5Dyaya HTTP/1.1" 200 2689 "-" "Mozilla/5.0 (Macintosh; Intel Mac OS X 10_14_3) AppleWebKit/537.36 (KHTML, like Gecko) Chrome/72.0.3626.119 Safari/537.36"
::1 - - [Tue, 12 Mar 2019 07:21:59 GMT] "GET /stylesheets/style.css HTTP/1.1" 304 - "http://localhost:3000/u/qianqian/2019-3-12/%5B%E8%BD%AC%E8%BD%BD%5Dyaya" "Mozilla/5.0 (Macintosh; Intel Mac OS X 10_14_3) AppleWebKit/537.36 (KHTML, like Gecko) Chrome/72.0.3626.119 Safari/537.36"
::1 - - [Tue, 12 Mar 2019 07:22:10 GMT] "GET /u/sissy/2019-3-12/yaya HTTP/1.1" 200 3318 "http://localhost:3000/u/qianqian/2019-3-12/%5B%E8%BD%AC%E8%BD%BD%5Dyaya" "Mozilla/5.0 (Macintosh; Intel Mac OS X 10_14_3) AppleWebKit/537.36 (KHTML, like Gecko) Chrome/72.0.3626.119 Safari/537.36"
::1 - - [Tue, 12 Mar 2019 07:22:10 GMT] "GET /stylesheets/style.css HTTP/1.1" 304 - "http://localhost:3000/u/sissy/2019-3-12/yaya" "Mozilla/5.0 (Macintosh; Intel Mac OS X 10_14_3) AppleWebKit/537.36 (KHTML, like Gecko) Chrome/72.0.3626.119 Safari/537.36"
::1 - - [Tue, 12 Mar 2019 07:22:15 GMT] "GET /tags/food HTTP/1.1" 200 2292 "http://localhost:3000/u/qianqian/2019-3-12/%5B%E8%BD%AC%E8%BD%BD%5Dyaya" "Mozilla/5.0 (Macintosh; Intel Mac OS X 10_14_3) AppleWebKit/537.36 (KHTML, like Gecko) Chrome/72.0.3626.119 Safari/537.36"
::1 - - [Tue, 12 Mar 2019 07:22:15 GMT] "GET /stylesheets/style.css HTTP/1.1" 304 - "http://localhost:3000/tags/food" "Mozilla/5.0 (Macintosh; Intel Mac OS X 10_14_3) AppleWebKit/537.36 (KHTML, like Gecko) Chrome/72.0.3626.119 Safari/537.36"
::1 - - [Tue, 12 Mar 2019 07:22:19 GMT] "GET /u/qianqian/2019-3-12/[%E8%BD%AC%E8%BD%BD]yaya HTTP/1.1" 200 2652 "http://localhost:3000/tags/food" "Mozilla/5.0 (Macintosh; Intel Mac OS X 10_14_3) AppleWebKit/537.36 (KHTML, like Gecko) Chrome/72.0.3626.119 Safari/537.36"
::1 - - [Tue, 12 Mar 2019 07:22:19 GMT] "GET /stylesheets/style.css HTTP/1.1" 304 - "http://localhost:3000/u/qianqian/2019-3-12/[%E8%BD%AC%E8%BD%BD]yaya" "Mozilla/5.0 (Macintosh; Intel Mac OS X 10_14_3) AppleWebKit/537.36 (KHTML, like Gecko) Chrome/72.0.3626.119 Safari/537.36"
::1 - - [Tue, 12 Mar 2019 07:22:22 GMT] "GET /post HTTP/1.1" 304 - "http://localhost:3000/u/qianqian/2019-3-12/[%E8%BD%AC%E8%BD%BD]yaya" "Mozilla/5.0 (Macintosh; Intel Mac OS X 10_14_3) AppleWebKit/537.36 (KHTML, like Gecko) Chrome/72.0.3626.119 Safari/537.36"
::1 - - [Tue, 12 Mar 2019 07:22:22 GMT] "GET /stylesheets/style.css HTTP/1.1" 304 - "http://localhost:3000/post" "Mozilla/5.0 (Macintosh; Intel Mac OS X 10_14_3) AppleWebKit/537.36 (KHTML, like Gecko) Chrome/72.0.3626.119 Safari/537.36"
::1 - - [Tue, 12 Mar 2019 07:22:30 GMT] "GET / HTTP/1.1" 200 14485 "http://localhost:3000/post" "Mozilla/5.0 (Macintosh; Intel Mac OS X 10_14_3) AppleWebKit/537.36 (KHTML, like Gecko) Chrome/72.0.3626.119 Safari/537.36"
::1 - - [Tue, 12 Mar 2019 07:22:30 GMT] "GET /stylesheets/style.css HTTP/1.1" 304 - "http://localhost:3000/" "Mozilla/5.0 (Macintosh; Intel Mac OS X 10_14_3) AppleWebKit/537.36 (KHTML, like Gecko) Chrome/72.0.3626.119 Safari/537.36"
::1 - - [Tue, 12 Mar 2019 07:22:38 GMT] "GET /?p=2 HTTP/1.1" 200 5874 "http://localhost:3000/" "Mozilla/5.0 (Macintosh; Intel Mac OS X 10_14_3) AppleWebKit/537.36 (KHTML, like Gecko) Chrome/72.0.3626.119 Safari/537.36"
::1 - - [Tue, 12 Mar 2019 07:22:38 GMT] "GET /stylesheets/style.css HTTP/1.1" 304 - "http://localhost:3000/?p=2" "Mozilla/5.0 (Macintosh; Intel Mac OS X 10_14_3) AppleWebKit/537.36 (KHTML, like Gecko) Chrome/72.0.3626.119 Safari/537.36"
::1 - - [Tue, 12 Mar 2019 07:22:48 GMT] "GET /u/sissy/2019-3-12/yaya HTTP/1.1" 200 3318 "http://localhost:3000/?p=2" "Mozilla/5.0 (Macintosh; Intel Mac OS X 10_14_3) AppleWebKit/537.36 (KHTML, like Gecko) Chrome/72.0.3626.119 Safari/537.36"
::1 - - [Tue, 12 Mar 2019 07:22:48 GMT] "GET /stylesheets/style.css HTTP/1.1" 304 - "http://localhost:3000/u/sissy/2019-3-12/yaya" "Mozilla/5.0 (Macintosh; Intel Mac OS X 10_14_3) AppleWebKit/537.36 (KHTML, like Gecko) Chrome/72.0.3626.119 Safari/537.36"
::1 - - [Tue, 12 Mar 2019 07:22:58 GMT] "GET /u/sissy HTTP/1.1" 200 3412 "http://localhost:3000/u/sissy/2019-3-12/yaya" "Mozilla/5.0 (Macintosh; Intel Mac OS X 10_14_3) AppleWebKit/537.36 (KHTML, like Gecko) Chrome/72.0.3626.119 Safari/537.36"
::1 - - [Tue, 12 Mar 2019 07:22:58 GMT] "GET /stylesheets/style.css HTTP/1.1" 304 - "http://localhost:3000/u/sissy" "Mozilla/5.0 (Macintosh; Intel Mac OS X 10_14_3) AppleWebKit/537.36 (KHTML, like Gecko) Chrome/72.0.3626.119 Safari/537.36"
::1 - - [Tue, 12 Mar 2019 07:23:02 GMT] "GET / HTTP/1.1" 304 - "http://localhost:3000/u/sissy" "Mozilla/5.0 (Macintosh; Intel Mac OS X 10_14_3) AppleWebKit/537.36 (KHTML, like Gecko) Chrome/72.0.3626.119 Safari/537.36"
::1 - - [Tue, 12 Mar 2019 07:23:02 GMT] "GET /stylesheets/style.css HTTP/1.1" 304 - "http://localhost:3000/" "Mozilla/5.0 (Macintosh; Intel Mac OS X 10_14_3) AppleWebKit/537.36 (KHTML, like Gecko) Chrome/72.0.3626.119 Safari/537.36"
::1 - - [Tue, 12 Mar 2019 07:23:03 GMT] "GET /u/qianqian HTTP/1.1" 200 12586 "http://localhost:3000/" "Mozilla/5.0 (Macintosh; Intel Mac OS X 10_14_3) AppleWebKit/537.36 (KHTML, like Gecko) Chrome/72.0.3626.119 Safari/537.36"
::1 - - [Tue, 12 Mar 2019 07:23:03 GMT] "GET /stylesheets/style.css HTTP/1.1" 304 - "http://localhost:3000/u/qianqian" "Mozilla/5.0 (Macintosh; Intel Mac OS X 10_14_3) AppleWebKit/537.36 (KHTML, like Gecko) Chrome/72.0.3626.119 Safari/537.36"
::1 - - [Tue, 12 Mar 2019 07:23:12 GMT] "GET /u/qianqian?p=2 HTTP/1.1" 200 2454 "http://localhost:3000/u/qianqian" "Mozilla/5.0 (Macintosh; Intel Mac OS X 10_14_3) AppleWebKit/537.36 (KHTML, like Gecko) Chrome/72.0.3626.119 Safari/537.36"
::1 - - [Tue, 12 Mar 2019 07:23:12 GMT] "GET /stylesheets/style.css HTTP/1.1" 304 - "http://localhost:3000/u/qianqian?p=2" "Mozilla/5.0 (Macintosh; Intel Mac OS X 10_14_3) AppleWebKit/537.36 (KHTML, like Gecko) Chrome/72.0.3626.119 Safari/537.36"
::1 - - [Tue, 12 Mar 2019 07:23:18 GMT] "GET / HTTP/1.1" 304 - "http://localhost:3000/u/qianqian?p=2" "Mozilla/5.0 (Macintosh; Intel Mac OS X 10_14_3) AppleWebKit/537.36 (KHTML, like Gecko) Chrome/72.0.3626.119 Safari/537.36"
::1 - - [Tue, 12 Mar 2019 07:23:18 GMT] "GET /stylesheets/style.css HTTP/1.1" 304 - "http://localhost:3000/" "Mozilla/5.0 (Macintosh; Intel Mac OS X 10_14_3) AppleWebKit/537.36 (KHTML, like Gecko) Chrome/72.0.3626.119 Safari/537.36"
::1 - - [Tue, 12 Mar 2019 07:23:49 GMT] "GET / HTTP/1.1" 304 - "-" "Mozilla/5.0 (Macintosh; Intel Mac OS X 10_14_3) AppleWebKit/537.36 (KHTML, like Gecko) Chrome/72.0.3626.119 Safari/537.36"
::1 - - [Tue, 12 Mar 2019 07:23:49 GMT] "GET /stylesheets/style.css HTTP/1.1" 304 - "http://localhost:3000/" "Mozilla/5.0 (Macintosh; Intel Mac OS X 10_14_3) AppleWebKit/537.36 (KHTML, like Gecko) Chrome/72.0.3626.119 Safari/537.36"
::1 - - [Tue, 12 Mar 2019 07:23:56 GMT] "GET /prince HTTP/1.1" 200 181 "-" "Mozilla/5.0 (Macintosh; Intel Mac OS X 10_14_3) AppleWebKit/537.36 (KHTML, like Gecko) Chrome/72.0.3626.119 Safari/537.36"
::1 - - [Tue, 12 Mar 2019 07:23:58 GMT] "GET / HTTP/1.1" 304 - "http://localhost:3000/prince" "Mozilla/5.0 (Macintosh; Intel Mac OS X 10_14_3) AppleWebKit/537.36 (KHTML, like Gecko) Chrome/72.0.3626.119 Safari/537.36"
::1 - - [Tue, 12 Mar 2019 07:23:58 GMT] "GET /stylesheets/style.css HTTP/1.1" 304 - "http://localhost:3000/" "Mozilla/5.0 (Macintosh; Intel Mac OS X 10_14_3) AppleWebKit/537.36 (KHTML, like Gecko) Chrome/72.0.3626.119 Safari/537.36"
::1 - - [Tue, 12 Mar 2019 07:46:13 GMT] "GET / HTTP/1.1" 304 - "http://localhost:3000/" "Mozilla/5.0 (Macintosh; Intel Mac OS X 10_14_3) AppleWebKit/537.36 (KHTML, like Gecko) Chrome/72.0.3626.119 Safari/537.36"
::1 - - [Tue, 12 Mar 2019 07:46:13 GMT] "GET /stylesheets/style.css HTTP/1.1" 304 - "http://localhost:3000/" "Mozilla/5.0 (Macintosh; Intel Mac OS X 10_14_3) AppleWebKit/537.36 (KHTML, like Gecko) Chrome/72.0.3626.119 Safari/537.36"
::1 - - [Tue, 12 Mar 2019 07:46:14 GMT] "GET /post HTTP/1.1" 304 - "http://localhost:3000/" "Mozilla/5.0 (Macintosh; Intel Mac OS X 10_14_3) AppleWebKit/537.36 (KHTML, like Gecko) Chrome/72.0.3626.119 Safari/537.36"
::1 - - [Tue, 12 Mar 2019 07:46:14 GMT] "GET /stylesheets/style.css HTTP/1.1" 304 - "http://localhost:3000/post" "Mozilla/5.0 (Macintosh; Intel Mac OS X 10_14_3) AppleWebKit/537.36 (KHTML, like Gecko) Chrome/72.0.3626.119 Safari/537.36"
::1 - - [Tue, 12 Mar 2019 07:46:15 GMT] "GET /logout HTTP/1.1" 302 46 "http://localhost:3000/post" "Mozilla/5.0 (Macintosh; Intel Mac OS X 10_14_3) AppleWebKit/537.36 (KHTML, like Gecko) Chrome/72.0.3626.119 Safari/537.36"
::1 - - [Tue, 12 Mar 2019 07:46:15 GMT] "GET / HTTP/1.1" 200 14523 "http://localhost:3000/post" "Mozilla/5.0 (Macintosh; Intel Mac OS X 10_14_3) AppleWebKit/537.36 (KHTML, like Gecko) Chrome/72.0.3626.119 Safari/537.36"
::1 - - [Tue, 12 Mar 2019 07:46:15 GMT] "GET /stylesheets/style.css HTTP/1.1" 304 - "http://localhost:3000/" "Mozilla/5.0 (Macintosh; Intel Mac OS X 10_14_3) AppleWebKit/537.36 (KHTML, like Gecko) Chrome/72.0.3626.119 Safari/537.36"
::1 - - [Tue, 12 Mar 2019 07:46:16 GMT] "GET /upload HTTP/1.1" 500 56 "http://localhost:3000/" "Mozilla/5.0 (Macintosh; Intel Mac OS X 10_14_3) AppleWebKit/537.36 (KHTML, like Gecko) Chrome/72.0.3626.119 Safari/537.36"
::1 - - [Tue, 12 Mar 2019 07:46:16 GMT] "GET /login HTTP/1.1" 200 1091 "http://localhost:3000/" "Mozilla/5.0 (Macintosh; Intel Mac OS X 10_14_3) AppleWebKit/537.36 (KHTML, like Gecko) Chrome/72.0.3626.119 Safari/537.36"
::1 - - [Tue, 12 Mar 2019 07:46:16 GMT] "GET /stylesheets/style.css HTTP/1.1" 304 - "http://localhost:3000/login" "Mozilla/5.0 (Macintosh; Intel Mac OS X 10_14_3) AppleWebKit/537.36 (KHTML, like Gecko) Chrome/72.0.3626.119 Safari/537.36"
::1 - - [Tue, 12 Mar 2019 07:46:17 GMT] "GET /archive HTTP/1.1" 200 3657 "http://localhost:3000/login" "Mozilla/5.0 (Macintosh; Intel Mac OS X 10_14_3) AppleWebKit/537.36 (KHTML, like Gecko) Chrome/72.0.3626.119 Safari/537.36"
::1 - - [Tue, 12 Mar 2019 07:46:17 GMT] "GET /stylesheets/style.css HTTP/1.1" 304 - "http://localhost:3000/archive" "Mozilla/5.0 (Macintosh; Intel Mac OS X 10_14_3) AppleWebKit/537.36 (KHTML, like Gecko) Chrome/72.0.3626.119 Safari/537.36"
::1 - - [Tue, 12 Mar 2019 07:46:18 GMT] "GET /tags HTTP/1.1" 500 405 "http://localhost:3000/archive" "Mozilla/5.0 (Macintosh; Intel Mac OS X 10_14_3) AppleWebKit/537.36 (KHTML, like Gecko) Chrome/72.0.3626.119 Safari/537.36"
::1 - - [Tue, 12 Mar 2019 07:46:18 GMT] "GET /stylesheets/style.css HTTP/1.1" 304 - "http://localhost:3000/tags" "Mozilla/5.0 (Macintosh; Intel Mac OS X 10_14_3) AppleWebKit/537.36 (KHTML, like Gecko) Chrome/72.0.3626.119 Safari/537.36"
::1 - - [Tue, 12 Mar 2019 07:48:16 GMT] "GET / HTTP/1.1" 200 14486 "http://localhost:3000/tags" "Mozilla/5.0 (Macintosh; Intel Mac OS X 10_14_3) AppleWebKit/537.36 (KHTML, like Gecko) Chrome/72.0.3626.119 Safari/537.36"
::1 - - [Tue, 12 Mar 2019 07:48:16 GMT] "GET /stylesheets/style.css HTTP/1.1" 304 - "http://localhost:3000/" "Mozilla/5.0 (Macintosh; Intel Mac OS X 10_14_3) AppleWebKit/537.36 (KHTML, like Gecko) Chrome/72.0.3626.119 Safari/537.36"
::1 - - [Tue, 12 Mar 2019 07:48:17 GMT] "GET /upload HTTP/1.1" 500 56 "http://localhost:3000/" "Mozilla/5.0 (Macintosh; Intel Mac OS X 10_14_3) AppleWebKit/537.36 (KHTML, like Gecko) Chrome/72.0.3626.119 Safari/537.36"
::1 - - [Tue, 12 Mar 2019 07:48:17 GMT] "GET /login HTTP/1.1" 304 - "http://localhost:3000/" "Mozilla/5.0 (Macintosh; Intel Mac OS X 10_14_3) AppleWebKit/537.36 (KHTML, like Gecko) Chrome/72.0.3626.119 Safari/537.36"
::1 - - [Tue, 12 Mar 2019 07:48:17 GMT] "GET /stylesheets/style.css HTTP/1.1" 304 - "http://localhost:3000/login" "Mozilla/5.0 (Macintosh; Intel Mac OS X 10_14_3) AppleWebKit/537.36 (KHTML, like Gecko) Chrome/72.0.3626.119 Safari/537.36"
::1 - - [Tue, 12 Mar 2019 07:50:01 GMT] "GET /archive HTTP/1.1" 304 - "http://localhost:3000/login" "Mozilla/5.0 (Macintosh; Intel Mac OS X 10_14_3) AppleWebKit/537.36 (KHTML, like Gecko) Chrome/72.0.3626.119 Safari/537.36"
::1 - - [Tue, 12 Mar 2019 07:50:01 GMT] "GET /stylesheets/style.css HTTP/1.1" 304 - "http://localhost:3000/archive" "Mozilla/5.0 (Macintosh; Intel Mac OS X 10_14_3) AppleWebKit/537.36 (KHTML, like Gecko) Chrome/72.0.3626.119 Safari/537.36"
::1 - - [Tue, 12 Mar 2019 07:50:03 GMT] "GET /tags HTTP/1.1" 500 405 "http://localhost:3000/archive" "Mozilla/5.0 (Macintosh; Intel Mac OS X 10_14_3) AppleWebKit/537.36 (KHTML, like Gecko) Chrome/72.0.3626.119 Safari/537.36"
::1 - - [Tue, 12 Mar 2019 07:50:03 GMT] "GET /stylesheets/style.css HTTP/1.1" 304 - "http://localhost:3000/tags" "Mozilla/5.0 (Macintosh; Intel Mac OS X 10_14_3) AppleWebKit/537.36 (KHTML, like Gecko) Chrome/72.0.3626.119 Safari/537.36"
::1 - - [Tue, 12 Mar 2019 07:51:44 GMT] "GET /tags HTTP/1.1" 500 405 "http://localhost:3000/archive" "Mozilla/5.0 (Macintosh; Intel Mac OS X 10_14_3) AppleWebKit/537.36 (KHTML, like Gecko) Chrome/72.0.3626.119 Safari/537.36"
::1 - - [Tue, 12 Mar 2019 07:51:45 GMT] "GET /stylesheets/style.css HTTP/1.1" 304 - "http://localhost:3000/tags" "Mozilla/5.0 (Macintosh; Intel Mac OS X 10_14_3) AppleWebKit/537.36 (KHTML, like Gecko) Chrome/72.0.3626.119 Safari/537.36"
::1 - - [Tue, 12 Mar 2019 07:53:24 GMT] "GET /tags HTTP/1.1" 200 1253 "http://localhost:3000/archive" "Mozilla/5.0 (Macintosh; Intel Mac OS X 10_14_3) AppleWebKit/537.36 (KHTML, like Gecko) Chrome/72.0.3626.119 Safari/537.36"
::1 - - [Tue, 12 Mar 2019 07:53:24 GMT] "GET /stylesheets/style.css HTTP/1.1" 304 - "http://localhost:3000/tags" "Mozilla/5.0 (Macintosh; Intel Mac OS X 10_14_3) AppleWebKit/537.36 (KHTML, like Gecko) Chrome/72.0.3626.119 Safari/537.36"
::1 - - [Tue, 12 Mar 2019 07:53:29 GMT] "GET /tags/ HTTP/1.1" 200 1253 "http://localhost:3000/tags" "Mozilla/5.0 (Macintosh; Intel Mac OS X 10_14_3) AppleWebKit/537.36 (KHTML, like Gecko) Chrome/72.0.3626.119 Safari/537.36"
::1 - - [Tue, 12 Mar 2019 07:53:29 GMT] "GET /stylesheets/style.css HTTP/1.1" 304 - "http://localhost:3000/tags/" "Mozilla/5.0 (Macintosh; Intel Mac OS X 10_14_3) AppleWebKit/537.36 (KHTML, like Gecko) Chrome/72.0.3626.119 Safari/537.36"
::1 - - [Tue, 12 Mar 2019 07:53:30 GMT] "GET /tags/ HTTP/1.1" 304 - "http://localhost:3000/tags/" "Mozilla/5.0 (Macintosh; Intel Mac OS X 10_14_3) AppleWebKit/537.36 (KHTML, like Gecko) Chrome/72.0.3626.119 Safari/537.36"
::1 - - [Tue, 12 Mar 2019 07:53:30 GMT] "GET /stylesheets/style.css HTTP/1.1" 304 - "http://localhost:3000/tags/" "Mozilla/5.0 (Macintosh; Intel Mac OS X 10_14_3) AppleWebKit/537.36 (KHTML, like Gecko) Chrome/72.0.3626.119 Safari/537.36"
::1 - - [Tue, 12 Mar 2019 07:53:31 GMT] "GET /tags/ HTTP/1.1" 304 - "http://localhost:3000/tags/" "Mozilla/5.0 (Macintosh; Intel Mac OS X 10_14_3) AppleWebKit/537.36 (KHTML, like Gecko) Chrome/72.0.3626.119 Safari/537.36"
::1 - - [Tue, 12 Mar 2019 07:53:31 GMT] "GET /stylesheets/style.css HTTP/1.1" 304 - "http://localhost:3000/tags/" "Mozilla/5.0 (Macintosh; Intel Mac OS X 10_14_3) AppleWebKit/537.36 (KHTML, like Gecko) Chrome/72.0.3626.119 Safari/537.36"
::1 - - [Tue, 12 Mar 2019 07:53:31 GMT] "GET /tags/ HTTP/1.1" 304 - "http://localhost:3000/tags/" "Mozilla/5.0 (Macintosh; Intel Mac OS X 10_14_3) AppleWebKit/537.36 (KHTML, like Gecko) Chrome/72.0.3626.119 Safari/537.36"
::1 - - [Tue, 12 Mar 2019 07:53:31 GMT] "GET /stylesheets/style.css HTTP/1.1" 304 - "http://localhost:3000/tags/" "Mozilla/5.0 (Macintosh; Intel Mac OS X 10_14_3) AppleWebKit/537.36 (KHTML, like Gecko) Chrome/72.0.3626.119 Safari/537.36"
::1 - - [Tue, 12 Mar 2019 07:53:32 GMT] "GET /tags/ HTTP/1.1" 304 - "http://localhost:3000/tags/" "Mozilla/5.0 (Macintosh; Intel Mac OS X 10_14_3) AppleWebKit/537.36 (KHTML, like Gecko) Chrome/72.0.3626.119 Safari/537.36"
::1 - - [Tue, 12 Mar 2019 07:53:32 GMT] "GET /stylesheets/style.css HTTP/1.1" 304 - "http://localhost:3000/tags/" "Mozilla/5.0 (Macintosh; Intel Mac OS X 10_14_3) AppleWebKit/537.36 (KHTML, like Gecko) Chrome/72.0.3626.119 Safari/537.36"
::1 - - [Tue, 12 Mar 2019 07:53:33 GMT] "GET /tags/ HTTP/1.1" 304 - "http://localhost:3000/tags/" "Mozilla/5.0 (Macintosh; Intel Mac OS X 10_14_3) AppleWebKit/537.36 (KHTML, like Gecko) Chrome/72.0.3626.119 Safari/537.36"
::1 - - [Tue, 12 Mar 2019 07:53:33 GMT] "GET /stylesheets/style.css HTTP/1.1" 304 - "http://localhost:3000/tags/" "Mozilla/5.0 (Macintosh; Intel Mac OS X 10_14_3) AppleWebKit/537.36 (KHTML, like Gecko) Chrome/72.0.3626.119 Safari/537.36"
::1 - - [Tue, 12 Mar 2019 07:53:36 GMT] "GET /tags/ HTTP/1.1" 304 - "http://localhost:3000/tags/" "Mozilla/5.0 (Macintosh; Intel Mac OS X 10_14_3) AppleWebKit/537.36 (KHTML, like Gecko) Chrome/72.0.3626.119 Safari/537.36"
::1 - - [Tue, 12 Mar 2019 07:53:36 GMT] "GET /stylesheets/style.css HTTP/1.1" 304 - "http://localhost:3000/tags/" "Mozilla/5.0 (Macintosh; Intel Mac OS X 10_14_3) AppleWebKit/537.36 (KHTML, like Gecko) Chrome/72.0.3626.119 Safari/537.36"
::1 - - [Tue, 12 Mar 2019 07:54:13 GMT] "GET /tags/ HTTP/1.1" 200 1299 "http://localhost:3000/tags/" "Mozilla/5.0 (Macintosh; Intel Mac OS X 10_14_3) AppleWebKit/537.36 (KHTML, like Gecko) Chrome/72.0.3626.119 Safari/537.36"
::1 - - [Tue, 12 Mar 2019 07:54:13 GMT] "GET /stylesheets/style.css HTTP/1.1" 304 - "http://localhost:3000/tags/" "Mozilla/5.0 (Macintosh; Intel Mac OS X 10_14_3) AppleWebKit/537.36 (KHTML, like Gecko) Chrome/72.0.3626.119 Safari/537.36"
::1 - - [Tue, 12 Mar 2019 07:54:24 GMT] "GET /tags/ HTTP/1.1" 304 - "http://localhost:3000/tags/" "Mozilla/5.0 (Macintosh; Intel Mac OS X 10_14_3) AppleWebKit/537.36 (KHTML, like Gecko) Chrome/72.0.3626.119 Safari/537.36"
::1 - - [Tue, 12 Mar 2019 07:54:24 GMT] "GET /stylesheets/style.css HTTP/1.1" 304 - "http://localhost:3000/tags/" "Mozilla/5.0 (Macintosh; Intel Mac OS X 10_14_3) AppleWebKit/537.36 (KHTML, like Gecko) Chrome/72.0.3626.119 Safari/537.36"
::1 - - [Tue, 12 Mar 2019 07:54:26 GMT] "GET /tags/fashion HTTP/1.1" 200 1273 "http://localhost:3000/tags/" "Mozilla/5.0 (Macintosh; Intel Mac OS X 10_14_3) AppleWebKit/537.36 (KHTML, like Gecko) Chrome/72.0.3626.119 Safari/537.36"
::1 - - [Tue, 12 Mar 2019 07:54:26 GMT] "GET /stylesheets/style.css HTTP/1.1" 304 - "http://localhost:3000/tags/fashion" "Mozilla/5.0 (Macintosh; Intel Mac OS X 10_14_3) AppleWebKit/537.36 (KHTML, like Gecko) Chrome/72.0.3626.119 Safari/537.36"
::1 - - [Tue, 12 Mar 2019 07:54:30 GMT] "GET /tags/wedding HTTP/1.1" 200 1060 "http://localhost:3000/tags/" "Mozilla/5.0 (Macintosh; Intel Mac OS X 10_14_3) AppleWebKit/537.36 (KHTML, like Gecko) Chrome/72.0.3626.119 Safari/537.36"
::1 - - [Tue, 12 Mar 2019 07:54:30 GMT] "GET /stylesheets/style.css HTTP/1.1" 304 - "http://localhost:3000/tags/wedding" "Mozilla/5.0 (Macintosh; Intel Mac OS X 10_14_3) AppleWebKit/537.36 (KHTML, like Gecko) Chrome/72.0.3626.119 Safari/537.36"
::1 - - [Tue, 12 Mar 2019 07:54:32 GMT] "GET /tags/secret HTTP/1.1" 200 1058 "http://localhost:3000/tags/" "Mozilla/5.0 (Macintosh; Intel Mac OS X 10_14_3) AppleWebKit/537.36 (KHTML, like Gecko) Chrome/72.0.3626.119 Safari/537.36"
::1 - - [Tue, 12 Mar 2019 07:54:32 GMT] "GET /stylesheets/style.css HTTP/1.1" 304 - "http://localhost:3000/tags/secret" "Mozilla/5.0 (Macintosh; Intel Mac OS X 10_14_3) AppleWebKit/537.36 (KHTML, like Gecko) Chrome/72.0.3626.119 Safari/537.36"
::1 - - [Tue, 12 Mar 2019 07:54:33 GMT] "GET /u/qianqian/2019-3-12/mimi HTTP/1.1" 200 1904 "http://localhost:3000/tags/secret" "Mozilla/5.0 (Macintosh; Intel Mac OS X 10_14_3) AppleWebKit/537.36 (KHTML, like Gecko) Chrome/72.0.3626.119 Safari/537.36"
::1 - - [Tue, 12 Mar 2019 07:54:33 GMT] "GET /stylesheets/style.css HTTP/1.1" 304 - "http://localhost:3000/u/qianqian/2019-3-12/mimi" "Mozilla/5.0 (Macintosh; Intel Mac OS X 10_14_3) AppleWebKit/537.36 (KHTML, like Gecko) Chrome/72.0.3626.119 Safari/537.36"
::1 - - [Tue, 12 Mar 2019 07:54:38 GMT] "GET /tags/tag HTTP/1.1" 200 2400 "http://localhost:3000/u/qianqian/2019-3-12/mimi" "Mozilla/5.0 (Macintosh; Intel Mac OS X 10_14_3) AppleWebKit/537.36 (KHTML, like Gecko) Chrome/72.0.3626.119 Safari/537.36"
::1 - - [Tue, 12 Mar 2019 07:54:38 GMT] "GET /stylesheets/style.css HTTP/1.1" 304 - "http://localhost:3000/tags/tag" "Mozilla/5.0 (Macintosh; Intel Mac OS X 10_14_3) AppleWebKit/537.36 (KHTML, like Gecko) Chrome/72.0.3626.119 Safari/537.36"
::1 - - [Tue, 12 Mar 2019 07:54:41 GMT] "GET /links HTTP/1.1" 200 1036 "http://localhost:3000/tags/tag" "Mozilla/5.0 (Macintosh; Intel Mac OS X 10_14_3) AppleWebKit/537.36 (KHTML, like Gecko) Chrome/72.0.3626.119 Safari/537.36"
::1 - - [Tue, 12 Mar 2019 07:54:41 GMT] "GET /stylesheets/style.css HTTP/1.1" 304 - "http://localhost:3000/links" "Mozilla/5.0 (Macintosh; Intel Mac OS X 10_14_3) AppleWebKit/537.36 (KHTML, like Gecko) Chrome/72.0.3626.119 Safari/537.36"
::1 - - [Tue, 12 Mar 2019 07:54:43 GMT] "GET / HTTP/1.1" 304 - "http://localhost:3000/links" "Mozilla/5.0 (Macintosh; Intel Mac OS X 10_14_3) AppleWebKit/537.36 (KHTML, like Gecko) Chrome/72.0.3626.119 Safari/537.36"
::1 - - [Tue, 12 Mar 2019 07:54:43 GMT] "GET /stylesheets/style.css HTTP/1.1" 304 - "http://localhost:3000/" "Mozilla/5.0 (Macintosh; Intel Mac OS X 10_14_3) AppleWebKit/537.36 (KHTML, like Gecko) Chrome/72.0.3626.119 Safari/537.36"
::1 - - [Tue, 12 Mar 2019 07:54:50 GMT] "GET /login HTTP/1.1" 200 1051 "http://localhost:3000/" "Mozilla/5.0 (Macintosh; Intel Mac OS X 10_14_3) AppleWebKit/537.36 (KHTML, like Gecko) Chrome/72.0.3626.119 Safari/537.36"
::1 - - [Tue, 12 Mar 2019 07:54:50 GMT] "GET /stylesheets/style.css HTTP/1.1" 304 - "http://localhost:3000/login" "Mozilla/5.0 (Macintosh; Intel Mac OS X 10_14_3) AppleWebKit/537.36 (KHTML, like Gecko) Chrome/72.0.3626.119 Safari/537.36"
::1 - - [Tue, 12 Mar 2019 07:54:51 GMT] "GET /reg HTTP/1.1" 200 1317 "http://localhost:3000/login" "Mozilla/5.0 (Macintosh; Intel Mac OS X 10_14_3) AppleWebKit/537.36 (KHTML, like Gecko) Chrome/72.0.3626.119 Safari/537.36"
::1 - - [Tue, 12 Mar 2019 07:54:51 GMT] "GET /stylesheets/style.css HTTP/1.1" 304 - "http://localhost:3000/reg" "Mozilla/5.0 (Macintosh; Intel Mac OS X 10_14_3) AppleWebKit/537.36 (KHTML, like Gecko) Chrome/72.0.3626.119 Safari/537.36"
::1 - - [Tue, 12 Mar 2019 07:54:51 GMT] "GET /upload HTTP/1.1" 500 56 "http://localhost:3000/reg" "Mozilla/5.0 (Macintosh; Intel Mac OS X 10_14_3) AppleWebKit/537.36 (KHTML, like Gecko) Chrome/72.0.3626.119 Safari/537.36"
::1 - - [Tue, 12 Mar 2019 07:54:51 GMT] "GET /login HTTP/1.1" 200 1091 "http://localhost:3000/reg" "Mozilla/5.0 (Macintosh; Intel Mac OS X 10_14_3) AppleWebKit/537.36 (KHTML, like Gecko) Chrome/72.0.3626.119 Safari/537.36"
::1 - - [Tue, 12 Mar 2019 07:54:51 GMT] "GET /stylesheets/style.css HTTP/1.1" 304 - "http://localhost:3000/login" "Mozilla/5.0 (Macintosh; Intel Mac OS X 10_14_3) AppleWebKit/537.36 (KHTML, like Gecko) Chrome/72.0.3626.119 Safari/537.36"
::1 - - [Tue, 12 Mar 2019 07:54:53 GMT] "GET /archive HTTP/1.1" 304 - "http://localhost:3000/login" "Mozilla/5.0 (Macintosh; Intel Mac OS X 10_14_3) AppleWebKit/537.36 (KHTML, like Gecko) Chrome/72.0.3626.119 Safari/537.36"
::1 - - [Tue, 12 Mar 2019 07:54:53 GMT] "GET /stylesheets/style.css HTTP/1.1" 304 - "http://localhost:3000/archive" "Mozilla/5.0 (Macintosh; Intel Mac OS X 10_14_3) AppleWebKit/537.36 (KHTML, like Gecko) Chrome/72.0.3626.119 Safari/537.36"
::1 - - [Tue, 12 Mar 2019 07:54:54 GMT] "GET /tags HTTP/1.1" 200 1299 "http://localhost:3000/archive" "Mozilla/5.0 (Macintosh; Intel Mac OS X 10_14_3) AppleWebKit/537.36 (KHTML, like Gecko) Chrome/72.0.3626.119 Safari/537.36"
::1 - - [Tue, 12 Mar 2019 07:54:54 GMT] "GET /stylesheets/style.css HTTP/1.1" 304 - "http://localhost:3000/tags" "Mozilla/5.0 (Macintosh; Intel Mac OS X 10_14_3) AppleWebKit/537.36 (KHTML, like Gecko) Chrome/72.0.3626.119 Safari/537.36"
::1 - - [Tue, 12 Mar 2019 07:54:55 GMT] "GET /links HTTP/1.1" 304 - "http://localhost:3000/tags" "Mozilla/5.0 (Macintosh; Intel Mac OS X 10_14_3) AppleWebKit/537.36 (KHTML, like Gecko) Chrome/72.0.3626.119 Safari/537.36"
::1 - - [Tue, 12 Mar 2019 07:54:55 GMT] "GET /stylesheets/style.css HTTP/1.1" 304 - "http://localhost:3000/links" "Mozilla/5.0 (Macintosh; Intel Mac OS X 10_14_3) AppleWebKit/537.36 (KHTML, like Gecko) Chrome/72.0.3626.119 Safari/537.36"
